#Inputs in the code

Pokémon ID: 006
Pokemon Name: Charizard
Pokemon Combat Power: 400.0
Pokemon Types: fire, flying
Pokemon Hit Points: 120
Pokemon Stamina: 90
Pokemon Abilities: Blaze, Solar Power

Trainer Name: Harshith
Trainer Contact No: 9666674055
Trainer Location: Hyderabad

#Output for the code

************************************************** 
 Welcome to the Pokémon GO Product Info System 
**************************************************

 -- Entering the Monster & Pokemon Trainer details -- 

 Successfully Saved Pokemon Data, Jara Rukho Bhai Generating summary...

================================================== 
 POKÉMON GO DATA SUMMARY
==================================================
Types (list): fire, flying
Abilities (tuple): Blaze, Solar Power
Unique Abilities (set): {'Blaze', 'Solar Power'}
Available (bool): True
‍Trainer Info (str): Harshith, Hyderabad
CP (float): 400.00
Catch Rate (float): 5.2%
ID (str):006
Name (str):Charizard | HP (int):120 | Stamina (int):90
Contact (str):9666674055
 'Charizard' has CP of 400.00 and catch rate of 5.2%.
Located in Hyderabad and trained by Harshith.

Dictionary (dict): {'ID': '006', 'Name': 'Charizard', 'CP': 400.0, 'HP': 120, 'Stamina': 90, 'Catch Rate': 5.197506234413965,
'Types': ['fire', 'flying'], 'Abilities': ('Blaze', 'Solar Power'), 'Trainer': {'Name': 'Harshith', 'Contact': '9666674055',
'Location': 'Hyderabad'}, 'Available': True, 'Unique Abilities': {'Blaze', 'Solar Power'}, 'Future Feature': None}

================================================== 
 Thanks for using Pokémon GO Info System!
 Show the skills and catch 'em all! 
==================================================
